<?xml version="1.0" encoding="UTF-8"?>
<!-- Generated by org.testng.reporters.JUnitReportReporter -->
<testsuite skipped="0" hostname="22HW020539" name="com.selenium.test.testNG.Browser1" tests="1" failures="0" timestamp="14 Mar 2018 17:13:15 GMT" time="17.860" errors="0">
  <testcase name="test1" time="17.860" classname="com.selenium.test.testNG.Browser1"/>
</testsuite> <!-- com.selenium.test.testNG.Browser1 -->
