<?xml version="1.0" encoding="UTF-8"?>
<!-- Generated by org.testng.reporters.JUnitReportReporter -->
<testsuite skipped="0" hostname="22HW020539" name="com.selenium.test.testNG.Browser1Test" tests="1" failures="0" timestamp="15 Mar 2018 18:58:33 GMT" time="29.342" errors="0">
  <testcase name="test1" time="29.342" classname="com.selenium.test.testNG.Browser1Test"/>
</testsuite> <!-- com.selenium.test.testNG.Browser1Test -->
