<?xml version="1.0" encoding="UTF-8"?>
<!-- Generated by org.testng.reporters.JUnitReportReporter -->
<testsuite skipped="0" hostname="22HW020539" name="com.selenium.test.testNG.Browser2" tests="1" failures="0" timestamp="14 Mar 2018 17:13:15 GMT" time="20.398" errors="0">
  <testcase name="test2" time="20.398" classname="com.selenium.test.testNG.Browser2"/>
</testsuite> <!-- com.selenium.test.testNG.Browser2 -->
