<?xml version="1.0" encoding="UTF-8"?>
<!-- Generated by org.testng.reporters.JUnitReportReporter -->
<testsuite skipped="0" hostname="22HW020539" name="com.selenium.test.testNG.DataDrivenTest" tests="1" failures="0" timestamp="14 Mar 2018 21:44:02 GMT" time="0.016" errors="0">
  <testcase name="getProperties" time="0.016" classname="com.selenium.test.testNG.DataDrivenTest"/>
</testsuite> <!-- com.selenium.test.testNG.DataDrivenTest -->
