<?xml version="1.0" encoding="UTF-8"?>
<!-- Generated by org.testng.reporters.JUnitReportReporter -->
<testsuite skipped="0" hostname="22HW020539" name="com.selenium.test.testNG.UdemyLogInOutTest" tests="2" failures="0" timestamp="12 Mar 2018 20:41:55 GMT" time="1.508" errors="0">
  <testcase name="register" time="0.858" classname="com.selenium.test.testNG.UdemyLogInOutTest"/>
  <testcase name="support" time="0.650" classname="com.selenium.test.testNG.UdemyLogInOutTest"/>
</testsuite> <!-- com.selenium.test.testNG.UdemyLogInOutTest -->
