<?xml version="1.0" encoding="UTF-8"?>
<!-- Generated by org.testng.reporters.JUnitReportReporter -->
<testsuite skipped="0" hostname="22HW020539" name="com.selenium.test.testNG.Test99" tests="2" failures="0" timestamp="13 Mar 2018 22:21:47 GMT" time="1.718" errors="0">
  <testcase name="guru" time="0.421" classname="com.selenium.test.testNG.Test99"/>
  <testcase name="register" time="1.297" classname="com.selenium.test.testNG.Test99"/>
</testsuite> <!-- com.selenium.test.testNG.Test99 -->
